
05-15 10:30:03.329 E/VirtuCam_Hook(26910): CAPT_LOG [4a]: Native Camera acquireNextImage (YUV 35) overriding directly. Image: 640x480
05-15 10:30:03.374 E/VirtuCam_Bridge(26910): CAPT_LOG [3b]: pushLatestFrameToWriter starting Thread to dequeue and push frame. timestamp=126828259654000
05-15 10:30:03.486 E/VirtuCam_Bridge(26910): CAPT_LOG [3b]: pushLatestFrameToWriter starting Thread to dequeue and push frame. timestamp=126828359736000
05-15 10:30:03.541 E/VirtuCam_Bridge(26910): CAPT_LOG [3b]: pushLatestFrameToWriter starting Thread to dequeue and push frame. timestamp=126828459818000
05-15 10:30:03.558 E/VirtuCam_Bridge(26910): CAPT_LOG [3-ERR]: dequeueInputImage threw exception: Already dequeued max number of Images 2
05-15 10:30:03.558 E/VirtuCam_Bridge(26910): CAPT_LOG [3-ERR]: dequeueInputImage returned NULL! Buffer queue likely full or not ready.
05-15 10:30:03.619 E/VirtuCam_Bridge(26910): CAPT_LOG [3b]: pushLatestFrameToWriter starting Thread to dequeue and push frame. timestamp=126828559900000
05-15 10:30:03.634 E/VirtuCam_Bridge(26910): CAPT_LOG [3-ERR]: dequeueInputImage threw exception: Already dequeued max number of Images 2
05-15 10:30:03.634 E/VirtuCam_Bridge(26910): CAPT_LOG [3-ERR]: dequeueInputImage returned NULL! Buffer queue likely full or not ready.
05-15 10:30:03.662 E/VirtuCam_Hook(26910): CAPT_LOG [4a]: Native Camera acquireNextImage (YUV 35) overriding directly. Image: 640x480
05-15 10:30:03.671 E/VirtuCam_Hook(26910): CAPT_LOG [4a]: Native Camera acquireNextImage (YUV 35) overriding directly. Image: 640x480
05-15 10:30:03.707 E/VirtuCam_Hook(26910): CAPT_LOG [4a]: Native Camera acquireNextImage (YUV 35) overriding directly. Image: 640x480
05-15 10:30:03.714 E/VirtuCam_Hook(26910): CAPT_LOG [4a]: Native Camera acquireNextImage (YUV 35) overriding directly. Image: 640x480
05-15 10:30:03.732 E/VirtuCam_Hook(26910): CAPT_LOG [4a]: Native Camera acquireNextImage (YUV 35) overriding directly. Image: 640x480
05-15 10:30:03.756 E/VirtuCam_Bridge(26910): CAPT_LOG [3b]: pushLatestFrameToWriter starting Thread to dequeue and push frame. timestamp=126828639986000
05-15 10:30:03.757 E/VirtuCam_Bridge(26910): CAPT_LOG [3b]: pushLatestFrameToWriter starting Thread to dequeue and push frame. timestamp=126828259654000
05-15 10:30:03.759 E/VirtuCam_Bridge(26910): CAPT_LOG [3b]: pushLatestFrameToWriter starting Thread to dequeue and push frame. timestamp=126828720073000
05-15 10:30:03.760 E/VirtuCam_Bridge(26910): CAPT_LOG [3-ERR]: dequeueInputImage threw exception: Already dequeued max number of Images 2
05-15 10:30:03.760 E/VirtuCam_Bridge(26910): CAPT_LOG [3-ERR]: dequeueInputImage returned NULL! Buffer queue likely full or not ready.
05-15 10:30:03.762 E/VirtuCam_Hook(26910): CAPT_LOG [4a]: Native Camera acquireNextImage (YUV 35) overriding directly. Image: 640x480
05-15 10:30:03.777 E/VirtuCam_Hook(26910): CAPT_LOG [4a]: Native Camera acquireNextImage (YUV 35) overriding directly. Image: 640x480
05-15 10:30:03.801 E/VirtuCam_Hook(26910): CAPT_LOG [4a]: Native Camera acquireNextImage (YUV 35) overriding directly. Image: 640x480
05-15 10:30:03.801 E/VirtuCam_Bridge(26910): CAPT_LOG [3b]: pushLatestFrameToWriter starting Thread to dequeue and push frame. timestamp=126828359736000
05-15 10:30:03.802 E/VirtuCam_Bridge(26910): CAPT_LOG [3b]: pushLatestFrameToWriter starting Thread to dequeue and push frame. timestamp=126828459818000
05-15 10:30:03.802 E/VirtuCam_Hook(26910): CAPT_LOG [4a]: Native Camera acquireNextImage (YUV 35) overriding directly. Image: 640x480
05-15 10:30:03.838 E/VirtuCam_Hook(26910): CAPT_LOG [4a]: Native Camera acquireNextImage (YUV 35) overriding directly. Image: 640x480
05-15 10:30:03.839 E/VirtuCam_Bridge(26910): CAPT_LOG [3b]: pushLatestFrameToWriter starting Thread to dequeue and push frame. timestamp=126828559900000
05-15 10:30:03.841 E/VirtuCam_Bridge(26910): CAPT_LOG [3b]: pushLatestFrameToWriter starting Thread to dequeue and push frame. timestamp=126828639986000
05-15 10:30:03.844 E/VirtuCam_Bridge(26910): CAPT_LOG [3-ERR]: dequeueInputImage threw exception: Already dequeued max number of Images 2
05-15 10:30:03.844 E/VirtuCam_Bridge(26910): CAPT_LOG [3-ERR]: dequeueInputImage returned NULL! Buffer queue likely full or not ready.
05-15 10:30:03.846 E/VirtuCam_Hook(26910): CAPT_LOG [4a]: Native Camera acquireNextImage (YUV 35) overriding directly. Image: 640x480
05-15 10:30:03.874 E/VirtuCam_Hook(26910): CAPT_LOG [4a]: Native Camera acquireNextImage (YUV 35) overriding directly. Image: 640x480
05-15 10:30:03.876 E/VirtuCam_Bridge(26910): CAPT_LOG [3b]: pushLatestFrameToWriter starting Thread to dequeue and push frame. timestamp=126828720073000
05-15 10:30:03.876 E/VirtuCam_Bridge(26910): CAPT_LOG [3b]: pushLatestFrameToWriter starting Thread to dequeue and push frame. timestamp=126828800160000
05-15 10:30:03.910 E/VirtuCam_Hook(26910): CAPT_LOG [4a]: Native Camera acquireNextImage (YUV 35) overriding directly. Image: 640x480
05-15 10:30:03.912 E/VirtuCam_Hook(26910): CAPT_LOG [4a]: Native Camera acquireNextImage (YUV 35) overriding directly. Image: 640x480
05-15 10:30:03.929 E/VirtuCam_Bridge(26910): CAPT_LOG [3b]: pushLatestFrameToWriter starting Thread to dequeue and push frame. timestamp=126828880246000
05-15 10:30:03.943 E/VirtuCam_Hook(26910): CAPT_LOG [4a]: Native Camera acquireNextImage (YUV 35) overriding directly. Image: 640x480
05-15 10:30:03.982 E/VirtuCam_Bridge(26910): CAPT_LOG [3b]: pushLatestFrameToWriter starting Thread to dequeue and push frame. timestamp=126828800160000
05-15 10:30:03.984 E/VirtuCam_Hook(26910): CAPT_LOG [4a]: Native Camera acquireNextImage (YUV 35) overriding directly. Image: 640x480
05-15 10:30:04.013 E/VirtuCam_Hook(26910): CAPT_LOG [4a]: Native Camera acquireNextImage (YUV 35) overriding directly. Image: 640x480
05-15 10:30:04.024 E/VirtuCam_Hook(26910): CAPT_LOG [4a]: Native Camera acquireNextImage (YUV 35) overriding directly. Image: 640x480
05-15 10:30:04.066 E/VirtuCam_Bridge(26910): CAPT_LOG [3b]: pushLatestFrameToWriter starting Thread to dequeue and push frame. timestamp=126828880246000
05-15 10:30:04.067 E/VirtuCam_Bridge(26910): CAPT_LOG [3b]: pushLatestFrameToWriter starting Thread to dequeue and push frame. timestamp=126828960323000
05-15 10:30:04.073 E/VirtuCam_Bridge(26910): CAPT_LOG [3b]: pushLatestFrameToWriter starting Thread to dequeue and push frame. timestamp=126828960323000
05-15 10:30:04.076 E/VirtuCam_Bridge(26910): CAPT_LOG [3-ERR]: dequeueInputImage threw exception: Already dequeued max number of Images 2
05-15 10:30:04.077 E/VirtuCam_Bridge(26910): CAPT_LOG [3-ERR]: dequeueInputImage returned NULL! Buffer queue likely full or not ready.
05-15 10:30:04.106 E/VirtuCam_Hook(26910): CAPT_LOG [4a]: Native Camera acquireNextImage (YUV 35) overriding directly. Image: 640x480
05-15 10:30:04.108 E/VirtuCam_Hook(26910): CAPT_LOG [4a]: Native Camera acquireNextImage (YUV 35) overriding directly. Image: 640x480
05-15 10:30:04.146 E/VirtuCam_Bridge(26910): CAPT_LOG [3b]: pushLatestFrameToWriter starting Thread to dequeue and push frame. timestamp=126829050397000
05-15 10:30:04.158 E/VirtuCam_Hook(26910): CAPT_LOG [4a]: Native Camera acquireNextImage (YUV 35) overriding directly. Image: 640x480
05-15 10:30:04.201 E/VirtuCam_Hook(26910): CAPT_LOG [4a]: Native Camera acquireNextImage (YUV 35) overriding directly. Image: 640x480
05-15 10:30:04.239 E/VirtuCam_Hook(26910): CAPT_LOG [4a]: Native Camera acquireNextImage (YUV 35) overriding directly. Image: 640x480
05-15 10:30:04.251 E/VirtuCam_Bridge(26910): CAPT_LOG [3b]: pushLatestFrameToWriter starting Thread to dequeue and push frame. timestamp=126829140471000
05-15 10:30:04.274 E/VirtuCam_Hook(26910): CAPT_LOG [4a]: Native Camera acquireNextImage (YUV 35) overriding directly. Image: 640x480
05-15 10:30:04.289 E/VirtuCam_Hook(26910): CAPT_LOG [4a]: Native Camera acquireNextImage (YUV 35) overriding directly. Image: 640x480
05-15 10:30:04.324 E/VirtuCam_Bridge(26910): CAPT_LOG [3b]: pushLatestFrameToWriter starting Thread to dequeue and push frame. timestamp=126829230555000
05-15 10:30:04.342 E/VirtuCam_Bridge(26910): CAPT_LOG [3b]: pushLatestFrameToWriter starting Thread to dequeue and push frame. timestamp=126829050397000
05-15 10:30:04.350 E/VirtuCam_Bridge(26910): CAPT_LOG [3b]: pushLatestFrameToWriter starting Thread to dequeue and push frame. timestamp=126829140471000
05-15 10:30:04.351 E/VirtuCam_Hook(26910): CAPT_LOG [4a]: Native Camera acquireNextImage (YUV 35) overriding directly. Image: 640x480
05-15 10:30:04.352 E/VirtuCam_Bridge(26910): CAPT_LOG [3-ERR]: dequeueInputImage threw exception: Already dequeued max number of Images 2
05-15 10:30:04.352 E/VirtuCam_Bridge(26910): CAPT_LOG [3-ERR]: dequeueInputImage returned NULL! Buffer queue likely full or not ready.
05-15 10:30:04.408 E/VirtuCam_Hook(26910): CAPT_LOG [4a]: Native Camera acquireNextImage (YUV 35) overriding directly. Image: 640x480
05-15 10:30:04.416 E/VirtuCam_Hook(26910): CAPT_LOG [4a]: Native Camera acquireNextImage (YUV 35) overriding directly. Image: 640x480
05-15 10:30:04.466 E/VirtuCam_Bridge(26910): CAPT_LOG [3b]: pushLatestFrameToWriter starting Thread to dequeue and push frame. timestamp=126829230555000
05-15 10:30:04.467 E/VirtuCam_Bridge(26910): CAPT_LOG [3b]: pushLatestFrameToWriter starting Thread to dequeue and push frame. timestamp=126829330637000
05-15 10:30:04.499 E/VirtuCam_Bridge(26910): CAPT_LOG [3b]: pushLatestFrameToWriter starting Thread to dequeue and push frame. timestamp=126829330637000
05-15 10:30:04.504 E/VirtuCam_Bridge(26910): CAPT_LOG [3-ERR]: dequeueInputImage threw exception: Already dequeued max number of Images 2
05-15 10:30:04.504 E/VirtuCam_Bridge(26910): CAPT_LOG [3-ERR]: dequeueInputImage returned NULL! Buffer queue likely full or not ready.
05-15 10:30:04.511 E/VirtuCam_Hook(26910): CAPT_LOG [4a]: Native Camera acquireNextImage (YUV 35) overriding directly. Image: 640x480
05-15 10:30:04.524 E/VirtuCam_Bridge(26910): CAPT_LOG [3b]: pushLatestFrameToWriter starting Thread to dequeue and push frame. timestamp=126829430719000
05-15 10:30:04.533 E/VirtuCam_Bridge(26910): CAPT_LOG [3-ERR]: dequeueInputImage threw exception: Already dequeued max number of Images 2
05-15 10:30:04.533 E/VirtuCam_Bridge(26910): CAPT_LOG [3-ERR]: dequeueInputImage returned NULL! Buffer queue likely full or not ready.
05-15 10:30:04.550 E/VirtuCam_Hook(26910): CAPT_LOG [4a]: Native Camera acquireNextImage (YUV 35) overriding directly. Image: 640x480
05-15 10:30:04.551 E/VirtuCam_Bridge(26910): CAPT_LOG [3b]: pushLatestFrameToWriter starting Thread to dequeue and push frame. timestamp=126829430719000
05-15 10:30:04.595 E/VirtuCam_Hook(26910): CAPT_LOG [4a]: Native Camera acquireNextImage (YUV 35) overriding directly. Image: 640x480
05-15 10:30:04.605 E/VirtuCam_Hook(26910): CAPT_LOG [4a]: Native Camera acquireNextImage (YUV 35) overriding directly. Image: 640x480
05-15 10:30:04.628 E/VirtuCam_Bridge(26910): CAPT_LOG [3b]: pushLatestFrameToWriter starting Thread to dequeue and push frame. timestamp=126829530802000
05-15 10:30:04.633 E/VirtuCam_Bridge(26910): CAPT_LOG [3b]: pushLatestFrameToWriter starting Thread to dequeue and push frame. timestamp=126829530802000
05-15 10:30:04.659 E/VirtuCam_Hook(26910): CAPT_LOG [4a]: Native Camera acquireNextImage (YUV 35) overriding directly. Image: 640x480
05-15 10:30:04.690 E/VirtuCam_Hook(26910): CAPT_LOG [4a]: Native Camera acquireNextImage (YUV 35) overriding directly. Image: 640x480
05-15 10:30:04.696 E/VirtuCam_Hook(26910): CAPT_LOG [4a]: Native Camera acquireNextImage (YUV 35) overriding directly. Image: 640x480
05-15 10:30:04.726 E/VirtuCam_Bridge(26910): CAPT_LOG [3b]: pushLatestFrameToWriter starting Thread to dequeue and push frame. timestamp=126829630884000
05-15 10:30:04.744 E/VirtuCam_Bridge(26910): CAPT_LOG [3b]: pushLatestFrameToWriter starting Thread to dequeue and push frame. timestamp=126829630884000
05-15 10:30:04.768 E/VirtuCam_Hook(26910): CAPT_LOG [4a]: Native Camera acquireNextImage (YUV 35) overriding directly. Image: 640x480
05-15 10:30:04.801 E/VirtuCam_Hook(26910): CAPT_LOG [4a]: Native Camera acquireNextImage (YUV 35) overriding directly. Image: 640x480
05-15 10:30:04.815 E/VirtuCam_Hook(26910): CAPT_LOG [4a]: Native Camera acquireNextImage (YUV 35) overriding directly. Image: 640x480
05-15 10:30:04.819 E/VirtuCam_Bridge(26910): CAPT_LOG [3b]: pushLatestFrameToWriter starting Thread to dequeue and push frame. timestamp=126829730966000
05-15 10:30:04.848 E/VirtuCam_Hook(26910): CAPT_LOG [4a]: Native Camera acquireNextImage (YUV 35) overriding directly. Image: 640x480
05-15 10:30:04.868 E/VirtuCam_Hook(26910): CAPT_LOG [4a]: Native Camera acquireNextImage (YUV 35) overriding directly. Image: 640x480
05-15 10:30:04.897 E/VirtuCam_Bridge(26910): CAPT_LOG [3b]: pushLatestFrameToWriter starting Thread to dequeue and push frame. timestamp=126829730966000
05-15 10:30:04.904 E/VirtuCam_Hook(26910): CAPT_LOG [4a]: Native Camera acquireNextImage (YUV 35) overriding directly. Image: 640x480
05-15 10:30:04.907 E/VirtuCam_Bridge(26910): CAPT_LOG [3b]: pushLatestFrameToWriter starting Thread to dequeue and push frame. timestamp=126829831048000
05-15 10:30:04.931 E/VirtuCam_Hook(26910): CAPT_LOG [4a]: Native Camera acquireNextImage (YUV 35) overriding directly. Image: 640x480
05-15 10:30:04.950 E/VirtuCam_Bridge(26910): CAPT_LOG [3b]: pushLatestFrameToWriter starting Thread to dequeue and push frame. timestamp=126829831048000
05-15 10:30:04.969 E/VirtuCam_Hook(26910): CAPT_LOG [4a]: Native Camera acquireNextImage (YUV 35) overriding directly. Image: 640x480
05-15 10:30:04.993 E/VirtuCam_Hook(26910): CAPT_LOG [4a]: Native Camera acquireNextImage (YUV 35) overriding directly. Image: 640x480
05-15 10:30:04.997 E/VirtuCam_Hook(26910): CAPT_LOG [4a]: Native Camera acquireNextImage (YUV 35) overriding directly. Image: 640x480
05-15 10:30:05.014 E/VirtuCam_Hook(26910): CAPT_LOG [4a]: Native Camera acquireNextImage (YUV 35) overriding directly. Image: 640x480
05-15 10:30:05.015 E/VirtuCam_Bridge(26910): CAPT_LOG [3b]: pushLatestFrameToWriter starting Thread to dequeue and push frame. timestamp=126829931130000
05-15 10:30:05.035 E/VirtuCam_Hook(26910): CAPT_LOG [4a]: Native Camera acquireNextImage (YUV 35) overriding directly. Image: 640x480
05-15 10:30:05.052 E/VirtuCam_Hook(26910): CAPT_LOG [4a]: Native Camera acquireNextImage (YUV 35) overriding directly. Image: 640x480
05-15 10:30:05.072 E/VirtuCam_Bridge(26910): CAPT_LOG [3b]: pushLatestFrameToWriter starting Thread to dequeue and push frame. timestamp=126829931130000
05-15 10:30:05.088 E/VirtuCam_Hook(26910): CAPT_LOG [4a]: Native Camera acquireNextImage (YUV 35) overriding directly. Image: 640x480
05-15 10:30:05.103 E/VirtuCam_Bridge(26910): CAPT_LOG [3b]: pushLatestFrameToWriter starting Thread to dequeue and push frame. timestamp=126830031212000
05-15 10:30:05.110 E/VirtuCam_Hook(26910): CAPT_LOG [4a]: Native Camera acquireNextImage (YUV 35) overriding directly. Image: 640x480
05-15 10:30:05.134 E/VirtuCam_Bridge(26910): CAPT_LOG [3b]: pushLatestFrameToWriter starting Thread to dequeue and push frame. timestamp=126830031212000
05-15 10:30:05.156 E/VirtuCam_Hook(26910): CAPT_LOG [4a]: Native Camera acquireNextImage (YUV 35) overriding directly. Image: 640x480
05-15 10:30:05.190 E/VirtuCam_Hook(26910): CAPT_LOG [4a]: Native Camera acquireNextImage (YUV 35) overriding directly. Image: 640x480
05-15 10:30:05.194 E/VirtuCam_Hook(26910): CAPT_LOG [4a]: Native Camera acquireNextImage (YUV 35) overriding directly. Image: 640x480
05-15 10:30:05.215 E/VirtuCam_Hook(26910): CAPT_LOG [4a]: Native Camera acquireNextImage (YUV 35) overriding directly. Image: 640x480
05-15 10:30:05.220 E/VirtuCam_Bridge(26910): CAPT_LOG [3b]: pushLatestFrameToWriter starting Thread to dequeue and push frame. timestamp=126830131294000
05-15 10:30:05.252 E/VirtuCam_Hook(26910): CAPT_LOG [4a]: Native Camera acquireNextImage (YUV 35) overriding directly. Image: 640x480
05-15 10:30:05.281 E/VirtuCam_Hook(26910): CAPT_LOG [4a]: Native Camera acquireNextImage (YUV 35) overriding directly. Image: 640x480
05-15 10:30:05.294 E/VirtuCam_Hook(26910): CAPT_LOG [4a]: Native Camera acquireNextImage (YUV 35) overriding directly. Image: 640x480
05-15 10:30:05.314 E/VirtuCam_Bridge(26910): CAPT_LOG [3b]: pushLatestFrameToWriter starting Thread to dequeue and push frame. timestamp=126830231377000
05-15 10:30:05.350 E/VirtuCam_Bridge(26910): CAPT_LOG [3b]: pushLatestFrameToWriter starting Thread to dequeue and push frame. timestamp=126830131294000
05-15 10:30:05.351 E/VirtuCam_Hook(26910): CAPT_LOG [4a]: Native Camera acquireNextImage (YUV 35) overriding directly. Image: 640x480
05-15 10:30:05.381 E/VirtuCam_Hook(26910): CAPT_LOG [4a]: Native Camera acquireNextImage (YUV 35) overriding directly. Image: 640x480
05-15 10:30:05.389 E/VirtuCam_Hook(26910): CAPT_LOG [4a]: Native Camera acquireNextImage (YUV 35) overriding directly. Image: 640x480
05-15 10:30:05.403 E/VirtuCam_Bridge(26910): CAPT_LOG [3b]: pushLatestFrameToWriter starting Thread to dequeue and push frame. timestamp=126830231377000
05-15 10:30:05.405 E/VirtuCam_Bridge(26910): CAPT_LOG [3b]: pushLatestFrameToWriter starting Thread to dequeue and push frame. timestamp=126830331459000
05-15 10:30:05.409 E/VirtuCam_Bridge(26910): CAPT_LOG [3b]: pushLatestFrameToWriter starting Thread to dequeue and push frame. timestamp=126830331459000
05-15 10:30:05.411 E/VirtuCam_Bridge(26910): CAPT_LOG [3-ERR]: dequeueInputImage threw exception: Already dequeued max number of Images 2
05-15 10:30:05.411 E/VirtuCam_Bridge(26910): CAPT_LOG [3-ERR]: dequeueInputImage returned NULL! Buffer queue likely full or not ready.
05-15 10:30:05.432 E/VirtuCam_Hook(26910): CAPT_LOG [4a]: Native Camera acquireNextImage (YUV 35) overriding directly. Image: 640x480
05-15 10:30:05.455 E/VirtuCam_Hook(26910): CAPT_LOG [4a]: Native Camera acquireNextImage (YUV 35) overriding directly. Image: 640x480
05-15 10:30:05.497 E/VirtuCam_Hook(26910): CAPT_LOG [4a]: Native Camera acquireNextImage (YUV 35) overriding directly. Image: 640x480
05-15 10:30:05.500 E/VirtuCam_Bridge(26910): CAPT_LOG [3b]: pushLatestFrameToWriter starting Thread to dequeue and push frame. timestamp=126830431541000
05-15 10:30:05.519 E/VirtuCam_Bridge(26910): CAPT_LOG [3b]: pushLatestFrameToWriter starting Thread to dequeue and push frame. timestamp=126830431541000
05-15 10:30:05.535 E/VirtuCam_Hook(26910): CAPT_LOG [4a]: Native Camera acquireNextImage (YUV 35) overriding directly. Image: 640x480
05-15 10:30:05.579 E/VirtuCam_Hook(26910): CAPT_LOG [4a]: Native Camera acquireNextImage (YUV 35) overriding directly. Image: 640x480
05-15 10:30:05.611 E/VirtuCam_Hook(26910): CAPT_LOG [4a]: Native Camera acquireNextImage (YUV 35) overriding directly. Image: 640x480
05-15 10:30:05.625 E/VirtuCam_Bridge(26910): CAPT_LOG [3b]: pushLatestFrameToWriter starting Thread to dequeue and push frame. timestamp=126830531623000
05-15 10:30:05.648 E/VirtuCam_Bridge(26910): CAPT_LOG [3b]: pushLatestFrameToWriter starting Thread to dequeue and push frame. timestamp=126830531623000
05-15 10:30:05.691 E/VirtuCam_Hook(26910): CAPT_LOG [4a]: Native Camera acquireNextImage (YUV 35) overriding directly. Image: 640x480
05-15 10:30:05.713 E/VirtuCam_Hook(26910): CAPT_LOG [4a]: Native Camera acquireNextImage (YUV 35) overriding directly. Image: 640x480
05-15 10:30:05.732 E/VirtuCam_Hook(26910): CAPT_LOG [4a]: Native Camera acquireNextImage (YUV 35) overriding directly. Image: 640x480
05-15 10:30:05.758 E/VirtuCam_Bridge(26910): CAPT_LOG [3b]: pushLatestFrameToWriter starting Thread to dequeue and push frame. timestamp=126830631705000
05-15 10:30:05.795 E/VirtuCam_Hook(26910): CAPT_LOG [4a]: Native Camera acquireNextImage (YUV 35) overriding directly. Image: 640x480
05-15 10:30:05.804 E/VirtuCam_Hook(26910): CAPT_LOG [4a]: Native Camera acquireNextImage (YUV 35) overriding directly. Image: 640x480
05-15 10:30:05.834 E/VirtuCam_Hook(26910): CAPT_LOG [4a]: Native Camera acquireNextImage (YUV 35) overriding directly. Image: 640x480
05-15 10:30:05.863 E/VirtuCam_Bridge(26910): CAPT_LOG [3b]: pushLatestFrameToWriter starting Thread to dequeue and push frame. timestamp=126830731787000
05-15 10:30:05.891 E/VirtuCam_Bridge(26910): CAPT_LOG [3b]: pushLatestFrameToWriter starting Thread to dequeue and push frame. timestamp=126830631705000
05-15 10:30:05.894 E/VirtuCam_Bridge(26910): CAPT_LOG [3b]: pushLatestFrameToWriter starting Thread to dequeue and push frame. timestamp=126830731787000
05-15 10:30:05.898 E/VirtuCam_Bridge(26910): CAPT_LOG [3-ERR]: dequeueInputImage threw exception: Already dequeued max number of Images 2
05-15 10:30:05.898 E/VirtuCam_Bridge(26910): CAPT_LOG [3-ERR]: dequeueInputImage returned NULL! Buffer queue likely full or not ready.
05-15 10:30:05.900 E/VirtuCam_Hook(26910): CAPT_LOG [4a]: Native Camera acquireNextImage (YUV 35) overriding directly. Image: 640x480
05-15 10:30:05.905 E/VirtuCam_Hook(26910): CAPT_LOG [4a]: Native Camera acquireNextImage (YUV 35) overriding directly. Image: 640x480
05-15 10:30:05.933 E/VirtuCam_Bridge(26910): CAPT_LOG [3b]: pushLatestFrameToWriter starting Thread to dequeue and push frame. timestamp=126830831869000
05-15 10:30:05.946 E/VirtuCam_Hook(26910): CAPT_LOG [4a]: Native Camera acquireNextImage (YUV 35) overriding directly. Image: 640x480
05-15 10:30:05.979 E/VirtuCam_Bridge(26910): CAPT_LOG [3b]: pushLatestFrameToWriter starting Thread to dequeue and push frame. timestamp=126830831869000
05-15 10:30:05.980 E/VirtuCam_Hook(26910): CAPT_LOG [4a]: Native Camera acquireNextImage (YUV 35) overriding directly. Image: 640x480
05-15 10:30:05.999 E/VirtuCam_Hook(26910): CAPT_LOG [4a]: Native Camera acquireNextImage (YUV 35) overriding directly. Image: 640x480
05-15 10:30:06.010 E/VirtuCam_Hook(26910): CAPT_LOG [4a]: Native Camera acquireNextImage (YUV 35) overriding directly. Image: 640x480
05-15 10:30:06.043 E/VirtuCam_Bridge(26910): CAPT_LOG [3b]: pushLatestFrameToWriter starting Thread to dequeue and push frame. timestamp=126830931952000
05-15 10:30:06.065 E/VirtuCam_Hook(26910): CAPT_LOG [4a]: Native Camera acquireNextImage (YUV 35) overriding directly. Image: 640x480
05-15 10:30:06.091 E/VirtuCam_Hook(26910): CAPT_LOG [4a]: Native Camera acquireNextImage (YUV 35) overriding directly. Image: 640x480
05-15 10:30:06.108 E/VirtuCam_Hook(26910): CAPT_LOG [4a]: Native Camera acquireNextImage (YUV 35) overriding directly. Image: 640x480
05-15 10:30:06.127 E/VirtuCam_Bridge(26910): CAPT_LOG [3b]: pushLatestFrameToWriter starting Thread to dequeue and push frame. timestamp=126831032034000
05-15 10:30:06.130 E/VirtuCam_Bridge(26910): CAPT_LOG [3b]: pushLatestFrameToWriter starting Thread to dequeue and push frame. timestamp=126830931952000
05-15 10:30:06.135 E/VirtuCam_Bridge(26910): CAPT_LOG [3b]: pushLatestFrameToWriter starting Thread to dequeue and push frame. timestamp=126831032034000
05-15 10:30:06.136 E/VirtuCam_Bridge(26910): CAPT_LOG [3-ERR]: dequeueInputImage threw exception: Already dequeued max number of Images 2
05-15 10:30:06.136 E/VirtuCam_Bridge(26910): CAPT_LOG [3-ERR]: dequeueInputImage returned NULL! Buffer queue likely full or not ready.
05-15 10:30:06.154 E/VirtuCam_Hook(26910): CAPT_LOG [4a]: Native Camera acquireNextImage (YUV 35) overriding directly. Image: 640x480
05-15 10:30:06.181 E/VirtuCam_Hook(26910): CAPT_LOG [4a]: Native Camera acquireNextImage (YUV 35) overriding directly. Image: 640x480
05-15 10:30:06.187 E/VirtuCam_Hook(26910): CAPT_LOG [4a]: Native Camera acquireNextImage (YUV 35) overriding directly. Image: 640x480
05-15 10:30:06.205 E/VirtuCam_Bridge(26910): CAPT_LOG [3b]: pushLatestFrameToWriter starting Thread to dequeue and push frame. timestamp=126831132116000
05-15 10:30:06.209 E/VirtuCam_Bridge(26910): CAPT_LOG [3b]: pushLatestFrameToWriter starting Thread to dequeue and push frame. timestamp=126831132116000
05-15 10:30:06.230 E/VirtuCam_Hook(26910): CAPT_LOG [4a]: Native Camera acquireNextImage (YUV 35) overriding directly. Image: 640x480
05-15 10:30:06.255 E/VirtuCam_Hook(26910): CAPT_LOG [4a]: Native Camera acquireNextImage (YUV 35) overriding directly. Image: 640x480
05-15 10:30:06.294 E/VirtuCam_Hook(26910): CAPT_LOG [4a]: Native Camera acquireNextImage (YUV 35) overriding directly. Image: 640x480
05-15 10:30:06.300 E/VirtuCam_Bridge(26910): CAPT_LOG [3b]: pushLatestFrameToWriter starting Thread to dequeue and push frame. timestamp=126831232198000
05-15 10:30:06.329 E/VirtuCam_Hook(26910): CAPT_LOG [4a]: Native Camera acquireNextImage (YUV 35) overriding directly. Image: 640x480
05-15 10:30:06.330 E/VirtuCam_Bridge(26910): CAPT_LOG [3b]: pushLatestFrameToWriter starting Thread to dequeue and push frame. timestamp=126831232198000
05-15 10:30:06.361 E/VirtuCam_Hook(26910): CAPT_LOG [4a]: Native Camera acquireNextImage (YUV 35) overriding directly. Image: 640x480
05-15 10:30:06.391 E/VirtuCam_Hook(26910): CAPT_LOG [4a]: Native Camera acquireNextImage (YUV 35) overriding directly. Image: 640x480
05-15 10:30:06.397 E/VirtuCam_Bridge(26910): CAPT_LOG [3b]: pushLatestFrameToWriter starting Thread to dequeue and push frame. timestamp=126831332280000
05-15 10:30:06.416 E/VirtuCam_Bridge(26910): CAPT_LOG [3b]: pushLatestFrameToWriter starting Thread to dequeue and push frame. timestamp=126831332280000
05-15 10:30:06.428 E/VirtuCam_Hook(26910): CAPT_LOG [4a]: Native Camera acquireNextImage (YUV 35) overriding directly. Image: 640x480
05-15 10:30:06.449 E/VirtuCam_Hook(26910): CAPT_LOG [4a]: Native Camera acquireNextImage (YUV 35) overriding directly. Image: 640x480
05-15 10:30:06.487 E/VirtuCam_Hook(26910): CAPT_LOG [4a]: Native Camera acquireNextImage (YUV 35) overriding directly. Image: 640x480
05-15 10:30:06.491 E/VirtuCam_Bridge(26910): CAPT_LOG [3b]: pushLatestFrameToWriter starting Thread to dequeue and push frame. timestamp=126831432362000
05-15 10:30:06.512 E/VirtuCam_Bridge(26910): CAPT_LOG [3b]: pushLatestFrameToWriter starting Thread to dequeue and push frame. timestamp=126831432362000
05-15 10:30:06.542 E/VirtuCam_Hook(26910): CAPT_LOG [4a]: Native Camera acquireNextImage (YUV 35) overriding directly. Image: 640x480
05-15 10:30:06.589 E/VirtuCam_Hook(26910): CAPT_LOG [4a]: Native Camera acquireNextImage (YUV 35) overriding directly. Image: 640x480
05-15 10:30:06.599 E/VirtuCam_Hook(26910): CAPT_LOG [4a]: Native Camera acquireNextImage (YUV 35) overriding directly. Image: 640x480
05-15 10:30:06.613 E/VirtuCam_Bridge(26910): CAPT_LOG [3b]: pushLatestFrameToWriter starting Thread to dequeue and push frame. timestamp=126831532444000
05-15 10:30:06.620 E/VirtuCam_Bridge(26910): CAPT_LOG [3b]: pushLatestFrameToWriter starting Thread to dequeue and push frame. timestamp=126831532444000
05-15 10:30:06.642 E/VirtuCam_Hook(26910): CAPT_LOG [4a]: Native Camera acquireNextImage (YUV 35) overriding directly. Image: 640x480
05-15 10:30:06.671 E/VirtuCam_Hook(26910): CAPT_LOG [4a]: Native Camera acquireNextImage (YUV 35) overriding directly. Image: 640x480
05-15 10:30:06.692 E/VirtuCam_Hook(26910): CAPT_LOG [4a]: Native Camera acquireNextImage (YUV 35) overriding directly. Image: 640x480
05-15 10:30:06.705 E/VirtuCam_Bridge(26910): CAPT_LOG [3b]: pushLatestFrameToWriter starting Thread to dequeue and push frame. timestamp=126831632526000
05-15 10:30:06.738 E/VirtuCam_Bridge(26910): CAPT_LOG [3b]: pushLatestFrameToWriter starting Thread to dequeue and push frame. timestamp=126831632526000
05-15 10:30:06.739 E/VirtuCam_Hook(26910): CAPT_LOG [4a]: Native Camera acquireNextImage (YUV 35) overriding directly. Image: 640x480
05-15 10:30:06.758 E/VirtuCam_Hook(26910): CAPT_LOG [4a]: Native Camera acquireNextImage (YUV 35) overriding directly. Image: 640x480
05-15 10:30:06.783 E/VirtuCam_Hook(26910): CAPT_LOG [4a]: Native Camera acquireNextImage (YUV 35) overriding directly. Image: 640x480
05-15 10:30:06.787 E/VirtuCam_Hook(26910): CAPT_LOG [4a]: Native Camera acquireNextImage (YUV 35) overriding directly. Image: 640x480
05-15 10:30:06.803 E/VirtuCam_Hook(26910): CAPT_LOG [4a]: Native Camera acquireNextImage (YUV 35) overriding directly. Image: 640x480
05-15 10:30:06.806 E/VirtuCam_Bridge(26910): CAPT_LOG [3b]: pushLatestFrameToWriter starting Thread to dequeue and push frame. timestamp=126831732609000
05-15 10:30:06.826 E/VirtuCam_Bridge(26910): CAPT_LOG [3b]: pushLatestFrameToWriter starting Thread to dequeue and push frame. timestamp=126831732609000
05-15 10:30:06.828 E/VirtuCam_Hook(26910): CAPT_LOG [4a]: Native Camera acquireNextImage (YUV 35) overriding directly. Image: 640x480
05-15 10:30:06.869 E/VirtuCam_Hook(26910): CAPT_LOG [4a]: Native Camera acquireNextImage (YUV 35) overriding directly. Image: 640x480
05-15 10:30:06.885 E/VirtuCam_Hook(26910): CAPT_LOG [4a]: Native Camera acquireNextImage (YUV 35) overriding directly. Image: 640x480
05-15 10:30:06.894 E/VirtuCam_Bridge(26910): CAPT_LOG [3b]: pushLatestFrameToWriter starting Thread to dequeue and push frame. timestamp=126831832691000
05-15 10:30:06.904 E/VirtuCam_Bridge(26910): CAPT_LOG [3b]: pushLatestFrameToWriter starting Thread to dequeue and push frame. timestamp=126831832691000
05-15 10:30:06.914 E/VirtuCam_Hook(26910): CAPT_LOG [4a]: Native Camera acquireNextImage (YUV 35) overriding directly. Image: 640x480
05-15 10:30:06.935 E/VirtuCam_Hook(26910): CAPT_LOG [4a]: Native Camera acquireNextImage (YUV 35) overriding directly. Image: 640x480
05-15 10:30:06.982 E/VirtuCam_Hook(26910): CAPT_LOG [4a]: Native Camera acquireNextImage (YUV 35) overriding directly. Image: 640x480
05-15 10:30:06.987 E/VirtuCam_Bridge(26910): CAPT_LOG [3b]: pushLatestFrameToWriter starting Thread to dequeue and push frame. timestamp=126831932773000
05-15 10:30:07.001 E/VirtuCam_Bridge(26910): CAPT_LOG [3b]: pushLatestFrameToWriter starting Thread to dequeue and push frame. timestamp=126831932773000
05-15 10:30:07.009 E/VirtuCam_Hook(26910): CAPT_LOG [4a]: Native Camera acquireNextImage (YUV 35) overriding directly. Image: 640x480
05-15 10:30:07.028 E/VirtuCam_Hook(26910): CAPT_LOG [4a]: Native Camera acquireNextImage (YUV 35) overriding directly. Image: 640x480
05-15 10:30:07.064 E/VirtuCam_Hook(26910): CAPT_LOG [4a]: Native Camera acquireNextImage (YUV 35) overriding directly. Image: 640x480
05-15 10:30:07.086 E/VirtuCam_Hook(26910): CAPT_LOG [4a]: Native Camera acquireNextImage (YUV 35) overriding directly. Image: 640x480
05-15 10:30:07.090 E/VirtuCam_Hook(26910): CAPT_LOG [4a]: Native Camera acquireNextImage (YUV 35) overriding directly. Image: 640x480
05-15 10:30:07.118 E/VirtuCam_Bridge(26910): CAPT_LOG [3b]: pushLatestFrameToWriter starting Thread to dequeue and push frame. timestamp=126832032855000
05-15 10:30:07.123 E/VirtuCam_Bridge(26910): CAPT_LOG [3b]: pushLatestFrameToWriter starting Thread to dequeue and push frame. timestamp=126832032855000
05-15 10:30:07.146 E/VirtuCam_Hook(26910): CAPT_LOG [4a]: Native Camera acquireNextImage (YUV 35) overriding directly. Image: 640x480
05-15 10:30:07.168 E/VirtuCam_Hook(26910): CAPT_LOG [4a]: Native Camera acquireNextImage (YUV 35) overriding directly. Image: 640x480
05-15 10:30:07.186 E/VirtuCam_Hook(26910): CAPT_LOG [4a]: Native Camera acquireNextImage (YUV 35) overriding directly. Image: 640x480
05-15 10:30:07.210 E/VirtuCam_Bridge(26910): CAPT_LOG [3b]: pushLatestFrameToWriter starting Thread to dequeue and push frame. timestamp=126832132937000
05-15 10:30:07.216 E/VirtuCam_Bridge(26910): CAPT_LOG [3b]: pushLatestFrameToWriter starting Thread to dequeue and push frame. timestamp=126832132937000
05-15 10:30:07.235 E/VirtuCam_Hook(26910): CAPT_LOG [4a]: Native Camera acquireNextImage (YUV 35) overriding directly. Image: 640x480
05-15 10:30:07.254 E/VirtuCam_Hook(26910): CAPT_LOG [4a]: Native Camera acquireNextImage (YUV 35) overriding directly. Image: 640x480
05-15 10:30:07.293 E/VirtuCam_Hook(26910): CAPT_LOG [4a]: Native Camera acquireNextImage (YUV 35) overriding directly. Image: 640x480
05-15 10:30:07.330 E/VirtuCam_Bridge(26910): CAPT_LOG [3b]: pushLatestFrameToWriter starting Thread to dequeue and push frame. timestamp=126832233019000
05-15 10:30:07.344 E/VirtuCam_Bridge(26910): CAPT_LOG [3b]: pushLatestFrameToWriter starting Thread to dequeue and push frame. timestamp=126832233019000
05-15 10:30:07.353 E/VirtuCam_Hook(26910): CAPT_LOG [4a]: Native Camera acquireNextImage (YUV 35) overriding directly. Image: 640x480
05-15 10:30:07.374 E/VirtuCam_Hook(26910): CAPT_LOG [4a]: Native Camera acquireNextImage (YUV 35) overriding directly. Image: 640x480
05-15 10:30:07.390 E/VirtuCam_Hook(26910): CAPT_LOG [4a]: Native Camera acquireNextImage (YUV 35) overriding directly. Image: 640x480
05-15 10:30:07.407 E/VirtuCam_Bridge(26910): CAPT_LOG [3b]: pushLatestFrameToWriter starting Thread to dequeue and push frame. timestamp=126832333101000
05-15 10:30:07.422 E/VirtuCam_Bridge(26910): CAPT_LOG [3b]: pushLatestFrameToWriter starting Thread to dequeue and push frame. timestamp=126832333101000
05-15 10:30:07.430 E/VirtuCam_Hook(26910): CAPT_LOG [4a]: Native Camera acquireNextImage (YUV 35) overriding directly. Image: 640x480
05-15 10:30:07.449 E/VirtuCam_Hook(26910): CAPT_LOG [4a]: Native Camera acquireNextImage (YUV 35) overriding directly. Image: 640x480
05-15 10:30:07.474 E/VirtuCam_Hook(26910): CAPT_LOG [4a]: Native Camera acquireNextImage (YUV 35) overriding directly. Image: 640x480
05-15 10:30:07.483 E/VirtuCam_Hook(26910): CAPT_LOG [4a]: Native Camera acquireNextImage (YUV 35) overriding directly. Image: 640x480
05-15 10:30:07.494 E/VirtuCam_Hook(26910): CAPT_LOG [4a]: Native Camera acquireNextImage (YUV 35) overriding directly. Image: 640x480
05-15 10:30:07.504 E/VirtuCam_Bridge(26910): CAPT_LOG [3b]: pushLatestFrameToWriter starting Thread to dequeue and push frame. timestamp=126832433184000
05-15 10:30:07.529 E/VirtuCam_Bridge(26910): CAPT_LOG [3b]: pushLatestFrameToWriter starting Thread to dequeue and push frame. timestamp=126832433184000
05-15 10:30:07.535 E/VirtuCam_Hook(26910): CAPT_LOG [4a]: Native Camera acquireNextImage (YUV 35) overriding directly. Image: 640x480
05-15 10:30:07.562 E/VirtuCam_Hook(26910): CAPT_LOG [4a]: Native Camera acquireNextImage (YUV 35) overriding directly. Image: 640x480
05-15 10:30:07.596 E/VirtuCam_Hook(26910): CAPT_LOG [4a]: Native Camera acquireNextImage (YUV 35) overriding directly. Image: 640x480
05-15 10:30:07.608 E/VirtuCam_Bridge(26910): CAPT_LOG [3b]: pushLatestFrameToWriter starting Thread to dequeue and push frame. timestamp=126832533266000
05-15 10:30:07.628 E/VirtuCam_Bridge(26910): CAPT_LOG [3b]: pushLatestFrameToWriter starting Thread to dequeue and push frame. timestamp=126832533266000
05-15 10:30:07.639 E/VirtuCam_Hook(26910): CAPT_LOG [4a]: Native Camera acquireNextImage (YUV 35) overriding directly. Image: 640x480
05-15 10:30:07.665 E/VirtuCam_Hook(26910): CAPT_LOG [4a]: Native Camera acquireNextImage (YUV 35) overriding directly. Image: 640x480
05-15 10:30:07.691 E/VirtuCam_Hook(26910): CAPT_LOG [4a]: Native Camera acquireNextImage (YUV 35) overriding directly. Image: 640x480
05-15 10:30:07.695 E/VirtuCam_Bridge(26910): CAPT_LOG [3b]: pushLatestFrameToWriter starting Thread to dequeue and push frame. timestamp=126832633348000
05-15 10:30:07.720 E/VirtuCam_Bridge(26910): CAPT_LOG [3b]: pushLatestFrameToWriter starting Thread to dequeue and push frame. timestamp=126832633348000
05-15 10:30:07.743 E/VirtuCam_Hook(26910): CAPT_LOG [4a]: Native Camera acquireNextImage (YUV 35) overriding directly. Image: 640x480
05-15 10:30:07.780 E/VirtuCam_Hook(26910): CAPT_LOG [4a]: Native Camera acquireNextImage (YUV 35) overriding directly. Image: 640x480
05-15 10:30:07.795 E/VirtuCam_Hook(26910): CAPT_LOG [4a]: Native Camera acquireNextImage (YUV 35) overriding directly. Image: 640x480
05-15 10:30:07.812 E/VirtuCam_Bridge(26910): CAPT_LOG [3b]: pushLatestFrameToWriter starting Thread to dequeue and push frame. timestamp=126832733430000
05-15 10:30:07.826 E/VirtuCam_Bridge(26910): CAPT_LOG [3b]: pushLatestFrameToWriter starting Thread to dequeue and push frame. timestamp=126832733430000
05-15 10:30:07.836 E/VirtuCam_Hook(26910): CAPT_LOG [4a]: Native Camera acquireNextImage (YUV 35) overriding directly. Image: 640x480
05-15 10:30:07.856 E/VirtuCam_Hook(26910): CAPT_LOG [4a]: Native Camera acquireNextImage (YUV 35) overriding directly. Image: 640x480
05-15 10:30:07.887 E/VirtuCam_Hook(26910): CAPT_LOG [4a]: Native Camera acquireNextImage (YUV 35) overriding directly. Image: 640x480
05-15 10:30:07.895 E/VirtuCam_Bridge(26910): CAPT_LOG [3b]: pushLatestFrameToWriter starting Thread to dequeue and push frame. timestamp=126832833512000
05-15 10:30:07.914 E/VirtuCam_Bridge(26910): CAPT_LOG [3b]: pushLatestFrameToWriter starting Thread to dequeue and push frame. timestamp=126832833512000
05-15 10:30:07.917 E/VirtuCam_Hook(26910): CAPT_LOG [4a]: Native Camera acquireNextImage (YUV 35) overriding directly. Image: 640x480
05-15 10:30:07.948 E/VirtuCam_Hook(26910): CAPT_LOG [4a]: Native Camera acquireNextImage (YUV 35) overriding directly. Image: 640x480
05-15 10:30:07.974 E/VirtuCam_Hook(26910): CAPT_LOG [4a]: Native Camera acquireNextImage (YUV 35) overriding directly. Image: 640x480
05-15 10:30:07.994 E/VirtuCam_Hook(26910): CAPT_LOG [4a]: Native Camera acquireNextImage (YUV 35) overriding directly. Image: 640x480
05-15 10:30:07.999 E/VirtuCam_Hook(26910): CAPT_LOG [4a]: Native Camera acquireNextImage (YUV 35) overriding directly. Image: 640x480
05-15 10:30:08.031 E/VirtuCam_Bridge(26910): CAPT_LOG [3b]: pushLatestFrameToWriter starting Thread to dequeue and push frame. timestamp=126832933594000
05-15 10:30:08.045 E/VirtuCam_Bridge(26910): CAPT_LOG [3b]: pushLatestFrameToWriter starting Thread to dequeue and push frame. timestamp=126832933594000
05-15 10:30:08.079 E/VirtuCam_Hook(26910): CAPT_LOG [4a]: Native Camera acquireNextImage (YUV 35) overriding directly. Image: 640x480
05-15 10:30:08.107 E/VirtuCam_Hook(26910): CAPT_LOG [4a]: Native Camera acquireNextImage (YUV 35) overriding directly. Image: 640x480
05-15 10:30:08.146 E/VirtuCam_Hook(26910): CAPT_LOG [4a]: Native Camera acquireNextImage (YUV 35) overriding directly. Image: 640x480
05-15 10:30:08.151 E/VirtuCam_Bridge(26910): CAPT_LOG [3b]: pushLatestFrameToWriter starting Thread to dequeue and push frame. timestamp=126833033676000
05-15 10:30:08.178 E/VirtuCam_Bridge(26910): CAPT_LOG [3b]: pushLatestFrameToWriter starting Thread to dequeue and push frame. timestamp=126833033676000
05-15 10:30:08.190 E/VirtuCam_Hook(26910): CAPT_LOG [4a]: Native Camera acquireNextImage (YUV 35) overriding directly. Image: 640x480
05-15 10:30:08.199 E/VirtuCam_Hook(26910): CAPT_LOG [4a]: Native Camera acquireNextImage (YUV 35) overriding directly. Image: 640x480
05-15 10:30:08.228 E/VirtuCam_Bridge(26910): CAPT_LOG [3b]: pushLatestFrameToWriter starting Thread to dequeue and push frame. timestamp=126833133759000
05-15 10:30:08.235 E/VirtuCam_Hook(26910): CAPT_LOG [4a]: Native Camera acquireNextImage (YUV 35) overriding directly. Image: 640x480
05-15 10:30:08.285 E/VirtuCam_Bridge(26910): CAPT_LOG [3b]: pushLatestFrameToWriter starting Thread to dequeue and push frame. timestamp=126833133759000
05-15 10:30:08.287 E/VirtuCam_Hook(26910): CAPT_LOG [4a]: Native Camera acquireNextImage (YUV 35) overriding directly. Image: 640x480
05-15 10:30:08.309 E/VirtuCam_Hook(26910): CAPT_LOG [4a]: Native Camera acquireNextImage (YUV 35) overriding directly. Image: 640x480
05-15 10:30:08.327 E/VirtuCam_Hook(26910): CAPT_LOG [4a]: Native Camera acquireNextImage (YUV 35) overriding directly. Image: 640x480
05-15 10:30:08.343 E/VirtuCam_Bridge(26910): CAPT_LOG [3b]: pushLatestFrameToWriter starting Thread to dequeue and push frame. timestamp=126833233841000
05-15 10:30:08.352 E/VirtuCam_Bridge(26910): CAPT_LOG [3b]: pushLatestFrameToWriter starting Thread to dequeue and push frame. timestamp=126833233841000
05-15 10:30:08.372 E/VirtuCam_Hook(26910): CAPT_LOG [4a]: Native Camera acquireNextImage (YUV 35) overriding directly. Image: 640x480
05-15 10:30:08.390 E/VirtuCam_Hook(26910): CAPT_LOG [4a]: Native Camera acquireNextImage (YUV 35) overriding directly. Image: 640x480
05-15 10:30:08.393 E/VirtuCam_Hook(26910): CAPT_LOG [4a]: Native Camera acquireNextImage (YUV 35) overriding directly. Image: 640x480
05-15 10:30:08.416 E/VirtuCam_Bridge(26910): CAPT_LOG [3b]: pushLatestFrameToWriter starting Thread to dequeue and push frame. timestamp=126833333923000
05-15 10:30:08.422 E/VirtuCam_Bridge(26910): CAPT_LOG [3b]: pushLatestFrameToWriter starting Thread to dequeue and push frame. timestamp=126833333923000
05-15 10:30:08.441 E/VirtuCam_Hook(26910): CAPT_LOG [4a]: Native Camera acquireNextImage (YUV 35) overriding directly. Image: 640x480
05-15 10:30:08.462 E/VirtuCam_Hook(26910): CAPT_LOG [4a]: Native Camera acquireNextImage (YUV 35) overriding directly. Image: 640x480
05-15 10:30:08.488 E/VirtuCam_Hook(26910): CAPT_LOG [4a]: Native Camera acquireNextImage (YUV 35) overriding directly. Image: 640x480
05-15 10:30:08.493 E/VirtuCam_Bridge(26910): CAPT_LOG [3b]: pushLatestFrameToWriter starting Thread to dequeue and push frame. timestamp=126833434005000
05-15 10:30:08.511 E/VirtuCam_Bridge(26910): CAPT_LOG [3b]: pushLatestFrameToWriter starting Thread to dequeue and push frame. timestamp=126833434005000
05-15 10:30:08.515 E/VirtuCam_Hook(26910): CAPT_LOG [4a]: Native Camera acquireNextImage (YUV 35) overriding directly. Image: 640x480
05-15 10:30:08.539 E/VirtuCam_Hook(26910): CAPT_LOG [4a]: Native Camera acquireNextImage (YUV 35) overriding directly. Image: 640x480
05-15 10:30:08.583 E/VirtuCam_Hook(26910): CAPT_LOG [4a]: Native Camera acquireNextImage (YUV 35) overriding directly. Image: 640x480
05-15 10:30:08.588 E/VirtuCam_Bridge(26910): CAPT_LOG [3b]: pushLatestFrameToWriter starting Thread to dequeue and push frame. timestamp=126833534087000
05-15 10:30:08.606 E/VirtuCam_Bridge(26910): CAPT_LOG [3b]: pushLatestFrameToWriter starting Thread to dequeue and push frame. timestamp=126833534087000
05-15 10:30:08.615 E/VirtuCam_Hook(26910): CAPT_LOG [4a]: Native Camera acquireNextImage (YUV 35) overriding directly. Image: 640x480
05-15 10:30:08.640 E/VirtuCam_Hook(26910): CAPT_LOG [4a]: Native Camera acquireNextImage (YUV 35) overriding directly. Image: 640x480
05-15 10:30:08.683 E/VirtuCam_Hook(26910): CAPT_LOG [4a]: Native Camera acquireNextImage (YUV 35) overriding directly. Image: 640x480
05-15 10:30:08.690 E/VirtuCam_Bridge(26910): CAPT_LOG [3b]: pushLatestFrameToWriter starting Thread to dequeue and push frame. timestamp=126833634169000
05-15 10:30:08.708 E/VirtuCam_Bridge(26910): CAPT_LOG [3b]: pushLatestFrameToWriter starting Thread to dequeue and push frame. timestamp=126833634169000
05-15 10:30:08.722 E/VirtuCam_Hook(26910): CAPT_LOG [4a]: Native Camera acquireNextImage (YUV 35) overriding directly. Image: 640x480
05-15 10:30:08.748 E/VirtuCam_Hook(26910): CAPT_LOG [4a]: Native Camera acquireNextImage (YUV 35) overriding directly. Image: 640x480
05-15 10:30:08.787 E/VirtuCam_Hook(26910): CAPT_LOG [4a]: Native Camera acquireNextImage (YUV 35) overriding directly. Image: 640x480
05-15 10:30:08.809 E/VirtuCam_Bridge(26910): CAPT_LOG [3b]: pushLatestFrameToWriter starting Thread to dequeue and push frame. timestamp=126833734251000
05-15 10:30:08.874 E/VirtuCam_Hook(26910): CAPT_LOG [4a]: Native Camera acquireNextImage (YUV 35) overriding directly. Image: 640x480
05-15 10:30:08.896 E/VirtuCam_Bridge(26910): CAPT_LOG [3b]: pushLatestFrameToWriter starting Thread to dequeue and push frame. timestamp=126833734251000
05-15 10:30:08.910 E/VirtuCam_Hook(26910): CAPT_LOG [4a]: Native Camera acquireNextImage (YUV 35) overriding directly. Image: 640x480
05-15 10:30:08.919 E/VirtuCam_Hook(26910): CAPT_LOG [4a]: Native Camera acquireNextImage (YUV 35) overriding directly. Image: 640x480
05-15 10:30:08.950 E/VirtuCam_Bridge(26910): CAPT_LOG [3b]: pushLatestFrameToWriter starting Thread to dequeue and push frame. timestamp=126833834333000
05-15 10:30:08.961 E/VirtuCam_Bridge(26910): CAPT_LOG [3b]: pushLatestFrameToWriter starting Thread to dequeue and push frame. timestamp=126833834333000
05-15 10:30:08.965 E/VirtuCam_Hook(26910): CAPT_LOG [4a]: Native Camera acquireNextImage (YUV 35) overriding directly. Image: 640x480
05-15 10:30:09.007 E/VirtuCam_Hook(26910): CAPT_LOG [4a]: Native Camera acquireNextImage (YUV 35) overriding directly. Image: 640x480
05-15 10:30:09.013 E/VirtuCam_Hook(26910): CAPT_LOG [4a]: Native Camera acquireNextImage (YUV 35) overriding directly. Image: 640x480
05-15 10:30:09.041 E/VirtuCam_Bridge(26910): CAPT_LOG [3b]: pushLatestFrameToWriter starting Thread to dequeue and push frame. timestamp=126833934416000
05-15 10:30:09.049 E/VirtuCam_Bridge(26910): CAPT_LOG [3b]: pushLatestFrameToWriter starting Thread to dequeue and push frame. timestamp=126833934416000
05-15 10:30:09.065 E/VirtuCam_Hook(26910): CAPT_LOG [4a]: Native Camera acquireNextImage (YUV 35) overriding directly. Image: 640x480
05-15 10:30:09.092 E/VirtuCam_Hook(26910): CAPT_LOG [4a]: Native Camera acquireNextImage (YUV 35) overriding directly. Image: 640x480
05-15 10:30:09.093 E/VirtuCam_Hook(26910): CAPT_LOG [4a]: Native Camera acquireNextImage (YUV 35) overriding directly. Image: 640x480
05-15 10:30:09.115 E/VirtuCam_Bridge(26910): CAPT_LOG [3b]: pushLatestFrameToWriter starting Thread to dequeue and push frame. timestamp=126834034498000
05-15 10:30:09.125 E/VirtuCam_Bridge(26910): CAPT_LOG [3b]: pushLatestFrameToWriter starting Thread to dequeue and push frame. timestamp=126834034498000
05-15 10:30:09.163 E/VirtuCam_Hook(26910): CAPT_LOG [4a]: Native Camera acquireNextImage (YUV 35) overriding directly. Image: 640x480
05-15 10:30:09.190 E/VirtuCam_Hook(26910): CAPT_LOG [4a]: Native Camera acquireNextImage (YUV 35) overriding directly. Image: 640x480
05-15 10:30:09.207 E/VirtuCam_Hook(26910): CAPT_LOG [4a]: Native Camera acquireNextImage (YUV 35) overriding directly. Image: 640x480
05-15 10:30:09.237 E/VirtuCam_Bridge(26910): CAPT_LOG [3b]: pushLatestFrameToWriter starting Thread to dequeue and push frame. timestamp=126834134580000
05-15 10:30:09.265 E/VirtuCam_Bridge(26910): CAPT_LOG [3b]: pushLatestFrameToWriter starting Thread to dequeue and push frame. timestamp=126834134580000
05-15 10:30:09.266 E/VirtuCam_Hook(26910): CAPT_LOG [4a]: Native Camera acquireNextImage (YUV 35) overriding directly. Image: 640x480
05-15 10:30:09.298 E/VirtuCam_Hook(26910): CAPT_LOG [4a]: Native Camera acquireNextImage (YUV 35) overriding directly. Image: 640x480
05-15 10:30:09.309 E/VirtuCam_Hook(26910): CAPT_LOG [4a]: Native Camera acquireNextImage (YUV 35) overriding directly. Image: 640x480
05-15 10:30:09.330 E/VirtuCam_Bridge(26910): CAPT_LOG [3b]: pushLatestFrameToWriter starting Thread to dequeue and push frame. timestamp=126834234662000
05-15 10:30:09.332 E/VirtuCam_Bridge(26910): CAPT_LOG [3b]: pushLatestFrameToWriter starting Thread to dequeue and push frame. timestamp=126834234662000
05-15 10:30:09.357 E/VirtuCam_Hook(26910): CAPT_LOG [4a]: Native Camera acquireNextImage (YUV 35) overriding directly. Image: 640x480
05-15 10:30:09.384 E/VirtuCam_Hook(26910): CAPT_LOG [4a]: Native Camera acquireNextImage (YUV 35) overriding directly. Image: 640x480
05-15 10:30:09.401 E/VirtuCam_Hook(26910): CAPT_LOG [4a]: Native Camera acquireNextImage (YUV 35) overriding directly. Image: 640x480
05-15 10:30:09.415 E/VirtuCam_Bridge(26910): CAPT_LOG [3b]: pushLatestFrameToWriter starting Thread to dequeue and push frame. timestamp=126834334744000
05-15 10:30:09.443 E/VirtuCam_Hook(26910): CAPT_LOG [4a]: Native Camera acquireNextImage (YUV 35) overriding directly. Image: 640x480
05-15 10:30:09.459 E/VirtuCam_Bridge(26910): CAPT_LOG [3b]: pushLatestFrameToWriter starting Thread to dequeue and push frame. timestamp=126834334744000
05-15 10:30:09.473 E/VirtuCam_Hook(26910): CAPT_LOG [4a]: Native Camera acquireNextImage (YUV 35) overriding directly. Image: 640x480
05-15 10:30:09.493 E/VirtuCam_Hook(26910): CAPT_LOG [4a]: Native Camera acquireNextImage (YUV 35) overriding directly. Image: 640x480
05-15 10:30:09.499 E/VirtuCam_Hook(26910): CAPT_LOG [4a]: Native Camera acquireNextImage (YUV 35) overriding directly. Image: 640x480
05-15 10:30:09.521 E/VirtuCam_Hook(26910): CAPT_LOG [4a]: Native Camera acquireNextImage (YUV 35) overriding directly. Image: 640x480
05-15 10:30:09.524 E/VirtuCam_Bridge(26910): CAPT_LOG [3b]: pushLatestFrameToWriter starting Thread to dequeue and push frame. timestamp=126834434826000
05-15 10:30:09.545 E/VirtuCam_Bridge(26910): CAPT_LOG [3b]: pushLatestFrameToWriter starting Thread to dequeue and push frame. timestamp=126834434826000
05-15 10:30:09.546 E/VirtuCam_Hook(26910): CAPT_LOG [4a]: Native Camera acquireNextImage (YUV 35) overriding directly. Image: 640x480
05-15 10:30:09.574 E/VirtuCam_Hook(26910): CAPT_LOG [4a]: Native Camera acquireNextImage (YUV 35) overriding directly. Image: 640x480
05-15 10:30:09.585 E/VirtuCam_Hook(26910): CAPT_LOG [4a]: Native Camera acquireNextImage (YUV 35) overriding directly. Image: 640x480
05-15 10:30:09.612 E/VirtuCam_Bridge(26910): CAPT_LOG [3b]: pushLatestFrameToWriter starting Thread to dequeue and push frame. timestamp=126834534908000
05-15 10:30:09.628 E/VirtuCam_Bridge(26910): CAPT_LOG [3b]: pushLatestFrameToWriter starting Thread to dequeue and push frame. timestamp=126834534908000
05-15 10:30:09.657 E/VirtuCam_Hook(26910): CAPT_LOG [4a]: Native Camera acquireNextImage (YUV 35) overriding directly. Image: 640x480
05-15 10:30:09.677 E/VirtuCam_Hook(26910): CAPT_LOG [4a]: Native Camera acquireNextImage (YUV 35) overriding directly. Image: 640x480
05-15 10:30:09.690 E/VirtuCam_Hook(26910): CAPT_LOG [4a]: Native Camera acquireNextImage (YUV 35) overriding directly. Image: 640x480
05-15 10:30:09.712 E/VirtuCam_Bridge(26910): CAPT_LOG [3b]: pushLatestFrameToWriter starting Thread to dequeue and push frame. timestamp=126834634991000
05-15 10:30:09.715 E/VirtuCam_Bridge(26910): CAPT_LOG [3b]: pushLatestFrameToWriter starting Thread to dequeue and push frame. timestamp=126834634991000
05-15 10:30:09.734 E/VirtuCam_Hook(26910): CAPT_LOG [4a]: Native Camera acquireNextImage (YUV 35) overriding directly. Image: 640x480
05-15 10:30:09.768 E/VirtuCam_Hook(26910): CAPT_LOG [4a]: Native Camera acquireNextImage (YUV 35) overriding directly. Image: 640x480
05-15 10:30:09.791 E/VirtuCam_Hook(26910): CAPT_LOG [4a]: Native Camera acquireNextImage (YUV 35) overriding directly. Image: 640x480
05-15 10:30:09.801 E/VirtuCam_Bridge(26910): CAPT_LOG [3b]: pushLatestFrameToWriter starting Thread to dequeue and push frame. timestamp=126834735073000
05-15 10:30:09.817 E/VirtuCam_Bridge(26910): CAPT_LOG [3b]: pushLatestFrameToWriter starting Thread to dequeue and push frame. timestamp=126834735073000
05-15 10:30:09.829 E/VirtuCam_Hook(26910): CAPT_LOG [4a]: Native Camera acquireNextImage (YUV 35) overriding directly. Image: 640x480
05-15 10:30:09.860 E/VirtuCam_Hook(26910): CAPT_LOG [4a]: Native Camera acquireNextImage (YUV 35) overriding directly. Image: 640x480
05-15 10:30:09.885 E/VirtuCam_Hook(26910): CAPT_LOG [4a]: Native Camera acquireNextImage (YUV 35) overriding directly. Image: 640x480
05-15 10:30:09.888 E/VirtuCam_Bridge(26910): CAPT_LOG [3b]: pushLatestFrameToWriter starting Thread to dequeue and push frame. timestamp=126834835155000
05-15 10:30:09.904 E/VirtuCam_Bridge(26910): CAPT_LOG [3b]: pushLatestFrameToWriter starting Thread to dequeue and push frame. timestamp=126834835155000
05-15 10:30:09.911 E/VirtuCam_Hook(26910): CAPT_LOG [4a]: Native Camera acquireNextImage (YUV 35) overriding directly. Image: 640x480
05-15 10:30:09.933 E/VirtuCam_Hook(26910): CAPT_LOG [4a]: Native Camera acquireNextImage (YUV 35) overriding directly. Image: 640x480
05-15 10:30:09.983 E/VirtuCam_Hook(26910): CAPT_LOG [4a]: Native Camera acquireNextImage (YUV 35) overriding directly. Image: 640x480
05-15 10:30:09.990 E/VirtuCam_Bridge(26910): CAPT_LOG [3b]: pushLatestFrameToWriter starting Thread to dequeue and push frame. timestamp=126834935237000
05-15 10:30:10.003 E/VirtuCam_Bridge(26910): CAPT_LOG [3b]: pushLatestFrameToWriter starting Thread to dequeue and push frame. timestamp=126834935237000
05-15 10:30:10.011 E/VirtuCam_Hook(26910): CAPT_LOG [4a]: Native Camera acquireNextImage (YUV 35) overriding directly. Image: 640x480
05-15 10:30:10.033 E/VirtuCam_Hook(26910): CAPT_LOG [4a]: Native Camera acquireNextImage (YUV 35) overriding directly. Image: 640x480
05-15 10:30:10.095 E/VirtuCam_Hook(26910): CAPT_LOG [4a]: Native Camera acquireNextImage (YUV 35) overriding directly. Image: 640x480
05-15 10:30:10.111 E/VirtuCam_Bridge(26910): CAPT_LOG [3b]: pushLatestFrameToWriter starting Thread to dequeue and push frame. timestamp=126835035319000
05-15 10:30:10.123 E/VirtuCam_Bridge(26910): CAPT_LOG [3b]: pushLatestFrameToWriter starting Thread to dequeue and push frame. timestamp=126835035319000
05-15 10:30:10.144 E/VirtuCam_Hook(26910): CAPT_LOG [4a]: Native Camera acquireNextImage (YUV 35) overriding directly. Image: 640x480
05-15 10:30:10.163 E/VirtuCam_Hook(26910): CAPT_LOG [4a]: Native Camera acquireNextImage (YUV 35) overriding directly. Image: 640x480
05-15 10:30:10.190 E/VirtuCam_Hook(26910): CAPT_LOG [4a]: Native Camera acquireNextImage (YUV 35) overriding directly. Image: 640x480
05-15 10:30:10.194 E/VirtuCam_Bridge(26910): CAPT_LOG [3b]: pushLatestFrameToWriter starting Thread to dequeue and push frame. timestamp=126835135401000
05-15 10:30:10.224 E/VirtuCam_Hook(26910): CAPT_LOG [4a]: Native Camera acquireNextImage (YUV 35) overriding directly. Image: 640x480
05-15 10:30:10.244 E/VirtuCam_Hook(26910): CAPT_LOG [4a]: Native Camera acquireNextImage (YUV 35) overriding directly. Image: 640x480
05-15 10:30:10.247 E/VirtuCam_Bridge(26910): CAPT_LOG [3b]: pushLatestFrameToWriter starting Thread to dequeue and push frame. timestamp=126835135401000
05-15 10:30:10.268 E/VirtuCam_Hook(26910): CAPT_LOG [4a]: Native Camera acquireNextImage (YUV 35) overriding directly. Image: 640x480
05-15 10:30:10.290 E/VirtuCam_Hook(26910): CAPT_LOG [4a]: Native Camera acquireNextImage (YUV 35) overriding directly. Image: 640x480
05-15 10:30:10.306 E/VirtuCam_Hook(26910): CAPT_LOG [4a]: Native Camera acquireNextImage (YUV 35) overriding directly. Image: 640x480
05-15 10:30:10.339 E/VirtuCam_Bridge(26910): CAPT_LOG [3b]: pushLatestFrameToWriter starting Thread to dequeue and push frame. timestamp=126835235483000
05-15 10:30:10.342 E/VirtuCam_Bridge(26910): CAPT_LOG [3b]: pushLatestFrameToWriter starting Thread to dequeue and push frame. timestamp=126835235483000
05-15 10:30:10.360 E/VirtuCam_Hook(26910): CAPT_LOG [4a]: Native Camera acquireNextImage (YUV 35) overriding directly. Image: 640x480
05-15 10:30:10.384 E/VirtuCam_Hook(26910): CAPT_LOG [4a]: Native Camera acquireNextImage (YUV 35) overriding directly. Image: 640x480
05-15 10:30:10.402 E/VirtuCam_Hook(26910): CAPT_LOG [4a]: Native Camera acquireNextImage (YUV 35) overriding directly. Image: 640x480
05-15 10:30:10.414 E/VirtuCam_Bridge(26910): CAPT_LOG [3b]: pushLatestFrameToWriter starting Thread to dequeue and push frame. timestamp=126835335566000
05-15 10:30:10.443 E/VirtuCam_Bridge(26910): CAPT_LOG [3b]: pushLatestFrameToWriter starting Thread to dequeue and push frame. timestamp=126835335566000
05-15 10:30:10.455 E/VirtuCam_Hook(26910): CAPT_LOG [4a]: Native Camera acquireNextImage (YUV 35) overriding directly. Image: 640x480
05-15 10:30:10.495 E/VirtuCam_Hook(26910): CAPT_LOG [4a]: Native Camera acquireNextImage (YUV 35) overriding directly. Image: 640x480
05-15 10:30:10.501 E/VirtuCam_Hook(26910): CAPT_LOG [4a]: Native Camera acquireNextImage (YUV 35) overriding directly. Image: 640x480
05-15 10:30:10.526 E/VirtuCam_Bridge(26910): CAPT_LOG [3b]: pushLatestFrameToWriter starting Thread to dequeue and push frame. timestamp=126835435648000
05-15 10:30:10.539 E/VirtuCam_Bridge(26910): CAPT_LOG [3b]: pushLatestFrameToWriter starting Thread to dequeue and push frame. timestamp=126835435648000
05-15 10:30:10.547 E/VirtuCam_Hook(26910): CAPT_LOG [4a]: Native Camera acquireNextImage (YUV 35) overriding directly. Image: 640x480
05-15 10:30:10.570 E/VirtuCam_Hook(26910): CAPT_LOG [4a]: Native Camera acquireNextImage (YUV 35) overriding directly. Image: 640x480
05-15 10:30:10.599 E/VirtuCam_Hook(26910): CAPT_LOG [4a]: Native Camera acquireNextImage (YUV 35) overriding directly. Image: 640x480
05-15 10:30:10.603 E/VirtuCam_Bridge(26910): CAPT_LOG [3b]: pushLatestFrameToWriter starting Thread to dequeue and push frame. timestamp=126835535730000
05-15 10:30:10.621 E/VirtuCam_Bridge(26910): CAPT_LOG [3b]: pushLatestFrameToWriter starting Thread to dequeue and push frame. timestamp=126835535730000
05-15 10:30:10.632 E/VirtuCam_Hook(26910): CAPT_LOG [4a]: Native Camera acquireNextImage (YUV 35) overriding directly. Image: 640x480
05-15 10:30:10.667 E/VirtuCam_Hook(26910): CAPT_LOG [4a]: Native Camera acquireNextImage (YUV 35) overriding directly. Image: 640x480
05-15 10:30:10.706 E/VirtuCam_Hook(26910): CAPT_LOG [4a]: Native Camera acquireNextImage (YUV 35) overriding directly. Image: 640x480
05-15 10:30:10.709 E/VirtuCam_Bridge(26910): CAPT_LOG [3b]: pushLatestFrameToWriter starting Thread to dequeue and push frame. timestamp=126835635812000
05-15 10:30:10.736 E/VirtuCam_Hook(26910): CAPT_LOG [4a]: Native Camera acquireNextImage (YUV 35) overriding directly. Image: 640x480
05-15 10:30:10.755 E/VirtuCam_Bridge(26910): CAPT_LOG [3b]: pushLatestFrameToWriter starting Thread to dequeue and push frame. timestamp=126835635812000
05-15 10:30:10.785 E/VirtuCam_Hook(26910): CAPT_LOG [4a]: Native Camera acquireNextImage (YUV 35) overriding directly. Image: 640x480
05-15 10:30:10.794 E/VirtuCam_Hook(26910): CAPT_LOG [4a]: Native Camera acquireNextImage (YUV 35) overriding directly. Image: 640x480
05-15 10:30:10.815 E/VirtuCam_Bridge(26910): CAPT_LOG [3b]: pushLatestFrameToWriter starting Thread to dequeue and push frame. timestamp=126835735894000
05-15 10:30:10.815 E/VirtuCam_Bridge(26910): CAPT_LOG [3b]: pushLatestFrameToWriter starting Thread to dequeue and push frame. timestamp=126835735894000
05-15 10:30:10.836 E/VirtuCam_Hook(26910): CAPT_LOG [4a]: Native Camera acquireNextImage (YUV 35) overriding directly. Image: 640x480
05-15 10:30:10.864 E/VirtuCam_Hook(26910): CAPT_LOG [4a]: Native Camera acquireNextImage (YUV 35) overriding directly. Image: 640x480
05-15 10:30:10.891 E/VirtuCam_Hook(26910): CAPT_LOG [4a]: Native Camera acquireNextImage (YUV 35) overriding directly. Image: 640x480
05-15 10:30:10.895 E/VirtuCam_Bridge(26910): CAPT_LOG [3b]: pushLatestFrameToWriter starting Thread to dequeue and push frame. timestamp=126835835976000
05-15 10:30:10.910 E/VirtuCam_Bridge(26910): CAPT_LOG [3b]: pushLatestFrameToWriter starting Thread to dequeue and push frame. timestamp=126835835976000
05-15 10:30:10.918 E/VirtuCam_Hook(26910): CAPT_LOG [4a]: Native Camera acquireNextImage (YUV 35) overriding directly. Image: 640x480
05-15 10:30:10.979 E/VirtuCam_Hook(26910): CAPT_LOG [4a]: Native Camera acquireNextImage (YUV 35) overriding directly. Image: 640x480
05-15 10:30:10.995 E/VirtuCam_Hook(26910): CAPT_LOG [4a]: Native Camera acquireNextImage (YUV 35) overriding directly. Image: 640x480
05-15 10:30:11.007 E/VirtuCam_Bridge(26910): CAPT_LOG [3b]: pushLatestFrameToWriter starting Thread to dequeue and push frame. timestamp=126835936058000
05-15 10:30:11.016 E/VirtuCam_Bridge(26910): CAPT_LOG [3b]: pushLatestFrameToWriter starting Thread to dequeue and push frame. timestamp=126835936058000
05-15 10:30:11.043 E/VirtuCam_Hook(26910): CAPT_LOG [4a]: Native Camera acquireNextImage (YUV 35) overriding directly. Image: 640x480
05-15 10:30:11.063 E/VirtuCam_Hook(26910): CAPT_LOG [4a]: Native Camera acquireNextImage (YUV 35) overriding directly. Image: 640x480
05-15 10:30:11.091 E/VirtuCam_Hook(26910): CAPT_LOG [4a]: Native Camera acquireNextImage (YUV 35) overriding directly. Image: 640x480
05-15 10:30:11.094 E/VirtuCam_Bridge(26910): CAPT_LOG [3b]: pushLatestFrameToWriter starting Thread to dequeue and push frame. timestamp=126836036140000
05-15 10:30:11.124 E/VirtuCam_Hook(26910): CAPT_LOG [4a]: Native Camera acquireNextImage (YUV 35) overriding directly. Image: 640x480
05-15 10:30:11.130 E/VirtuCam_Bridge(26910): CAPT_LOG [3b]: pushLatestFrameToWriter starting Thread to dequeue and push frame. timestamp=126836036140000
05-15 10:30:11.147 E/VirtuCam_Hook(26910): CAPT_LOG [4a]: Native Camera acquireNextImage (YUV 35) overriding directly. Image: 640x480
05-15 10:30:11.180 E/VirtuCam_Hook(26910): CAPT_LOG [4a]: Native Camera acquireNextImage (YUV 35) overriding directly. Image: 640x480
05-15 10:30:11.201 E/VirtuCam_Hook(26910): CAPT_LOG [4a]: Native Camera acquireNextImage (YUV 35) overriding directly. Image: 640x480
05-15 10:30:11.202 E/VirtuCam_Hook(26910): CAPT_LOG [4a]: Native Camera acquireNextImage (YUV 35) overriding directly. Image: 640x480
05-15 10:30:11.246 E/VirtuCam_Bridge(26910): CAPT_LOG [3b]: pushLatestFrameToWriter starting Thread to dequeue and push frame. timestamp=126836136223000
05-15 10:30:11.269 E/VirtuCam_Bridge(26910): CAPT_LOG [3b]: pushLatestFrameToWriter starting Thread to dequeue and push frame. timestamp=126836136223000
05-15 10:30:11.282 E/VirtuCam_Hook(26910): CAPT_LOG [4a]: Native Camera acquireNextImage (YUV 35) overriding directly. Image: 640x480
05-15 10:30:11.312 E/VirtuCam_Hook(26910): CAPT_LOG [4a]: Native Camera acquireNextImage (YUV 35) overriding directly. Image: 640x480
05-15 10:30:11.316 E/VirtuCam_Hook(26910): CAPT_LOG [4a]: Native Camera acquireNextImage (YUV 35) overriding directly. Image: 640x480
05-15 10:30:11.348 E/VirtuCam_Bridge(26910): CAPT_LOG [3b]: pushLatestFrameToWriter starting Thread to dequeue and push frame. timestamp=126836236305000
05-15 10:30:11.363 E/VirtuCam_Bridge(26910): CAPT_LOG [3b]: pushLatestFrameToWriter starting Thread to dequeue and push frame. timestamp=126836236305000
05-15 10:30:11.398 E/VirtuCam_Hook(26910): CAPT_LOG [4a]: Native Camera acquireNextImage (YUV 35) overriding directly. Image: 640x480
05-15 10:30:11.399 E/VirtuCam_Hook(26910): CAPT_LOG [4a]: Native Camera acquireNextImage (YUV 35) overriding directly. Image: 640x480
05-15 10:30:11.443 E/VirtuCam_Bridge(26910): CAPT_LOG [3b]: pushLatestFrameToWriter starting Thread to dequeue and push frame. timestamp=126836336387000
05-15 10:30:11.455 E/VirtuCam_Hook(26910): CAPT_LOG [4a]: Native Camera acquireNextImage (YUV 35) overriding directly. Image: 640x480
05-15 10:30:11.488 E/VirtuCam_Hook(26910): CAPT_LOG [4a]: Native Camera acquireNextImage (YUV 35) overriding directly. Image: 640x480
05-15 10:30:11.498 E/VirtuCam_Hook(26910): CAPT_LOG [4a]: Native Camera acquireNextImage (YUV 35) overriding directly. Image: 640x480
05-15 10:30:11.526 E/VirtuCam_Bridge(26910): CAPT_LOG [3b]: pushLatestFrameToWriter starting Thread to dequeue and push frame. timestamp=126836436469000
05-15 10:30:11.535 E/VirtuCam_Hook(26910): CAPT_LOG [4a]: Native Camera acquireNextImage (YUV 35) overriding directly. Image: 640x480
05-15 10:30:11.558 E/VirtuCam_Bridge(26910): CAPT_LOG [3b]: pushLatestFrameToWriter starting Thread to dequeue and push frame. timestamp=126836336387000
05-15 10:30:11.559 E/VirtuCam_Hook(26910): CAPT_LOG [4a]: Native Camera acquireNextImage (YUV 35) overriding directly. Image: 640x480
05-15 10:30:11.588 E/VirtuCam_Hook(26910): CAPT_LOG [4a]: Native Camera acquireNextImage (YUV 35) overriding directly. Image: 640x480
05-15 10:30:11.600 E/VirtuCam_Hook(26910): CAPT_LOG [4a]: Native Camera acquireNextImage (YUV 35) overriding directly. Image: 640x480
05-15 10:30:11.625 E/VirtuCam_Bridge(26910): CAPT_LOG [3b]: pushLatestFrameToWriter starting Thread to dequeue and push frame. timestamp=126836436469000
05-15 10:30:11.625 E/VirtuCam_Bridge(26910): CAPT_LOG [3b]: pushLatestFrameToWriter starting Thread to dequeue and push frame. timestamp=126836536551000
05-15 10:30:11.626 E/VirtuCam_Bridge(26910): CAPT_LOG [3b]: pushLatestFrameToWriter starting Thread to dequeue and push frame. timestamp=126836536551000
05-15 10:30:11.629 E/VirtuCam_Bridge(26910): CAPT_LOG [3-ERR]: dequeueInputImage threw exception: Already dequeued max number of Images 2
05-15 10:30:11.629 E/VirtuCam_Bridge(26910): CAPT_LOG [3-ERR]: dequeueInputImage returned NULL! Buffer queue likely full or not ready.
05-15 10:30:11.653 E/VirtuCam_Hook(26910): CAPT_LOG [4a]: Native Camera acquireNextImage (YUV 35) overriding directly. Image: 640x480
05-15 10:30:11.676 E/VirtuCam_Hook(26910): CAPT_LOG [4a]: Native Camera acquireNextImage (YUV 35) overriding directly. Image: 640x480
05-15 10:30:11.696 E/VirtuCam_Hook(26910): CAPT_LOG [4a]: Native Camera acquireNextImage (YUV 35) overriding directly. Image: 640x480
05-15 10:30:11.697 E/VirtuCam_Bridge(26910): CAPT_LOG [3b]: pushLatestFrameToWriter starting Thread to dequeue and push frame. timestamp=126836636633000
05-15 10:30:11.715 E/VirtuCam_Bridge(26910): CAPT_LOG [3b]: pushLatestFrameToWriter starting Thread to dequeue and push frame. timestamp=126836636633000
05-15 10:30:11.719 E/VirtuCam_Hook(26910): CAPT_LOG [4a]: Native Camera acquireNextImage (YUV 35) overriding directly. Image: 640x480
05-15 10:30:11.750 E/VirtuCam_Hook(26910): CAPT_LOG [4a]: Native Camera acquireNextImage (YUV 35) overriding directly. Image: 640x480
05-15 10:30:11.788 E/VirtuCam_Hook(26910): CAPT_LOG [4a]: Native Camera acquireNextImage (YUV 35) overriding directly. Image: 640x480
05-15 10:30:11.793 E/VirtuCam_Bridge(26910): CAPT_LOG [3b]: pushLatestFrameToWriter starting Thread to dequeue and push frame. timestamp=126836736715000
05-15 10:30:11.815 E/VirtuCam_Bridge(26910): CAPT_LOG [3b]: pushLatestFrameToWriter starting Thread to dequeue and push frame. timestamp=126836736715000
05-15 10:30:11.832 E/VirtuCam_Hook(26910): CAPT_LOG [4a]: Native Camera acquireNextImage (YUV 35) overriding directly. Image: 640x480
05-15 10:30:11.856 E/VirtuCam_Hook(26910): CAPT_LOG [4a]: Native Camera acquireNextImage (YUV 35) overriding directly. Image: 640x480
05-15 10:30:11.891 E/VirtuCam_Hook(26910): CAPT_LOG [4a]: Native Camera acquireNextImage (YUV 35) overriding directly. Image: 640x480
05-15 10:30:11.897 E/VirtuCam_Bridge(26910): CAPT_LOG [3b]: pushLatestFrameToWriter starting Thread to dequeue and push frame. timestamp=126836836798000
05-15 10:30:11.912 E/VirtuCam_Bridge(26910): CAPT_LOG [3b]: pushLatestFrameToWriter starting Thread to dequeue and push frame. timestamp=126836836798000
05-15 10:30:11.928 E/VirtuCam_Hook(26910): CAPT_LOG [4a]: Native Camera acquireNextImage (YUV 35) overriding directly. Image: 640x480
05-15 10:30:11.948 E/VirtuCam_Hook(26910): CAPT_LOG [4a]: Native Camera acquireNextImage (YUV 35) overriding directly. Image: 640x480
05-15 10:30:11.989 E/VirtuCam_Hook(26910): CAPT_LOG [4a]: Native Camera acquireNextImage (YUV 35) overriding directly. Image: 640x480
05-15 10:30:11.995 E/VirtuCam_Bridge(26910): CAPT_LOG [3b]: pushLatestFrameToWriter starting Thread to dequeue and push frame. timestamp=126836936880000
05-15 10:30:12.016 E/VirtuCam_Bridge(26910): CAPT_LOG [3b]: pushLatestFrameToWriter starting Thread to dequeue and push frame. timestamp=126836936880000
05-15 10:30:12.020 E/VirtuCam_Hook(26910): CAPT_LOG [4a]: Native Camera acquireNextImage (YUV 35) overriding directly. Image: 640x480
05-15 10:30:12.039 E/VirtuCam_Hook(26910): CAPT_LOG [4a]: Native Camera acquireNextImage (YUV 35) overriding directly. Image: 640x480
05-15 10:30:12.059 E/VirtuCam_Hook(26910): CAPT_LOG [4a]: Native Camera acquireNextImage (YUV 35) overriding directly. Image: 640x480
05-15 10:30:12.085 E/VirtuCam_Hook(26910): CAPT_LOG [4a]: Native Camera acquireNextImage (YUV 35) overriding directly. Image: 640x480
05-15 10:30:12.088 E/VirtuCam_Hook(26910): CAPT_LOG [4a]: Native Camera acquireNextImage (YUV 35) overriding directly. Image: 640x480
05-15 10:30:12.106 E/VirtuCam_Bridge(26910): CAPT_LOG [3b]: pushLatestFrameToWriter starting Thread to dequeue and push frame. timestamp=126837036962000
05-15 10:30:12.107 E/VirtuCam_Bridge(26910): CAPT_LOG [3b]: pushLatestFrameToWriter starting Thread to dequeue and push frame. timestamp=126837036962000
05-15 10:30:12.131 E/VirtuCam_Hook(26910): CAPT_LOG [4a]: Native Camera acquireNextImage (YUV 35) overriding directly. Image: 640x480
05-15 10:30:12.155 E/VirtuCam_Hook(26910): CAPT_LOG [4a]: Native Camera acquireNextImage (YUV 35) overriding directly. Image: 640x480
05-15 10:30:12.189 E/VirtuCam_Hook(26910): CAPT_LOG [4a]: Native Camera acquireNextImage (YUV 35) overriding directly. Image: 640x480
05-15 10:30:12.196 E/VirtuCam_Bridge(26910): CAPT_LOG [3b]: pushLatestFrameToWriter starting Thread to dequeue and push frame. timestamp=126837137044000
05-15 10:30:12.222 E/VirtuCam_Hook(26910): CAPT_LOG [4a]: Native Camera acquireNextImage (YUV 35) overriding directly. Image: 640x480
05-15 10:30:12.226 E/VirtuCam_Bridge(26910): CAPT_LOG [3b]: pushLatestFrameToWriter starting Thread to dequeue and push frame. timestamp=126837137044000
05-15 10:30:12.241 E/VirtuCam_Hook(26910): CAPT_LOG [4a]: Native Camera acquireNextImage (YUV 35) overriding directly. Image: 640x480
05-15 10:30:12.265 E/VirtuCam_Hook(26910): CAPT_LOG [4a]: Native Camera acquireNextImage (YUV 35) overriding directly. Image: 640x480
05-15 10:30:12.285 E/VirtuCam_Hook(26910): CAPT_LOG [4a]: Native Camera acquireNextImage (YUV 35) overriding directly. Image: 640x480
05-15 10:30:12.285 E/VirtuCam_Hook(26910): CAPT_LOG [4a]: Native Camera acquireNextImage (YUV 35) overriding directly. Image: 640x480
05-15 10:30:12.307 E/VirtuCam_Bridge(26910): CAPT_LOG [3b]: pushLatestFrameToWriter starting Thread to dequeue and push frame. timestamp=126837237126000
05-15 10:30:12.308 E/VirtuCam_Bridge(26910): CAPT_LOG [3b]: pushLatestFrameToWriter starting Thread to dequeue and push frame. timestamp=126837237126000
05-15 10:30:12.337 E/VirtuCam_Hook(26910): CAPT_LOG [4a]: Native Camera acquireNextImage (YUV 35) overriding directly. Image: 640x480
05-15 10:30:12.360 E/VirtuCam_Hook(26910): CAPT_LOG [4a]: Native Camera acquireNextImage (YUV 35) overriding directly. Image: 640x480
05-15 10:30:12.398 E/VirtuCam_Hook(26910): CAPT_LOG [4a]: Native Camera acquireNextImage (YUV 35) overriding directly. Image: 640x480
05-15 10:30:12.405 E/VirtuCam_Bridge(26910): CAPT_LOG [3b]: pushLatestFrameToWriter starting Thread to dequeue and push frame. timestamp=126837337208000
05-15 10:30:12.451 E/VirtuCam_Bridge(26910): CAPT_LOG [3b]: pushLatestFrameToWriter starting Thread to dequeue and push frame. timestamp=126837337208000
05-15 10:30:12.501 E/VirtuCam_Hook(26910): CAPT_LOG [4a]: Native Camera acquireNextImage (YUV 35) overriding directly. Image: 640x480
05-15 10:30:12.538 E/VirtuCam_Bridge(26910): CAPT_LOG [3b]: pushLatestFrameToWriter starting Thread to dequeue and push frame. timestamp=126837437290000
05-15 10:30:12.544 E/VirtuCam_Hook(26910): CAPT_LOG [4a]: Native Camera acquireNextImage (YUV 35) overriding directly. Image: 640x480
05-15 10:30:12.585 E/VirtuCam_Hook(26910): CAPT_LOG [4a]: Native Camera acquireNextImage (YUV 35) overriding directly. Image: 640x480
05-15 10:30:12.617 E/VirtuCam_Hook(26910): CAPT_LOG [4a]: Native Camera acquireNextImage (YUV 35) overriding directly. Image: 640x480
05-15 10:30:12.622 E/VirtuCam_Hook(26910): CAPT_LOG [4a]: Native Camera acquireNextImage (YUV 35) overriding directly. Image: 640x480
05-15 10:30:12.643 E/VirtuCam_Bridge(26910): CAPT_LOG [3b]: pushLatestFrameToWriter starting Thread to dequeue and push frame. timestamp=126837537373000
05-15 10:30:12.677 E/VirtuCam_Hook(26910): CAPT_LOG [4a]: Native Camera acquireNextImage (YUV 35) overriding directly. Image: 640x480
05-15 10:30:12.696 E/VirtuCam_Hook(26910): CAPT_LOG [4a]: Native Camera acquireNextImage (YUV 35) overriding directly. Image: 640x480
05-15 10:30:12.734 E/VirtuCam_Bridge(26910): CAPT_LOG [3b]: pushLatestFrameToWriter starting Thread to dequeue and push frame. timestamp=126837437290000
05-15 10:30:12.739 E/VirtuCam_Bridge(26910): CAPT_LOG [3b]: pushLatestFrameToWriter starting Thread to dequeue and push frame. timestamp=126837637455000
05-15 10:30:12.820 E/VirtuCam_Hook(26910): CAPT_LOG [4a]: Native Camera acquireNextImage (YUV 35) overriding directly. Image: 640x480
05-15 10:30:12.906 E/VirtuCam_Bridge(26910): CAPT_LOG [3b]: pushLatestFrameToWriter starting Thread to dequeue and push frame. timestamp=126837737537000
05-15 10:30:12.913 E/VirtuCam_Hook(26910): CAPT_LOG [4a]: Native Camera acquireNextImage (YUV 35) overriding directly. Image: 640x480
05-15 10:30:12.952 E/VirtuCam_Bridge(26910): CAPT_LOG [3b]: pushLatestFrameToWriter starting Thread to dequeue and push frame. timestamp=126837837619000
05-15 10:30:13.016 E/VirtuCam_Hook(26910): CAPT_LOG [4a]: Native Camera acquireNextImage (YUV 35) overriding directly. Image: 640x480
05-15 10:30:14.348 E/VirtuCam_Hook(26910): CAPT_LOG [4b]: Native Camera acquireNextImage (JPEG 256) overriding directly. Image: 2560x1920
05-15 10:30:14.348 E/VirtuCam_Bridge(26910): CAPT_LOG [3c]: overwriteImageWithLatestJpeg executing. TargetImage: 2560x1920
05-15 10:30:14.348 E/VirtuCam_Bridge(26910): CAPT_LOG [3e]: Virtual JPEG acquired after 0ms. Size=72491 bytes. Writing to Target Buffer Capacity=1749417
05-15 10:30:14.349 E/VirtuCam_Bridge(26910): CAPT_LOG [3b]: pushLatestFrameToWriter starting Thread to dequeue and push frame. timestamp=126839025866000
05-15 10:30:14.354 E/VirtuCam_Bridge(26910): CAPT_LOG [3-ERR]: dequeueInputImage threw exception: dequeue buffer failed
05-15 10:30:14.355 E/VirtuCam_Bridge(26910): CAPT_LOG [3-ERR]: dequeueInputImage returned NULL! Buffer queue likely full or not ready.

